2022-08-11 09:48:06.546  INFO 14132 --- [main] com.zaxxer.hikari.HikariDataSource       : HikariPool-1 - Starting...
2022-08-11 09:48:06.780  INFO 14132 --- [main] com.zaxxer.hikari.HikariDataSource       : HikariPool-1 - Start completed.
2022-08-11 09:48:06.902  INFO 14132 --- [main] o.hibernate.jpa.internal.util.LogHelper  : HHH000204: Processing PersistenceUnitInfo [name: default]
2022-08-11 09:48:06.943  INFO 14132 --- [main] org.hibernate.Version                    : HHH000412: Hibernate ORM core version 5.6.10.Final
2022-08-11 09:48:07.085  INFO 14132 --- [main] o.hibernate.annotations.common.Version   : HCANN000001: Hibernate Commons Annotations {5.1.2.Final}
2022-08-11 09:48:07.326  INFO 14132 --- [main] org.hibernate.dialect.Dialect            : HHH000400: Using dialect: org.hibernate.dialect.MySQL5InnoDBDialect
2022-08-11 09:48:07.888  INFO 14132 --- [main] o.h.e.t.j.p.i.JtaPlatformInitiator       : HHH000490: Using JtaPlatform implementation: [org.hibernate.engine.transaction.jta.platform.internal.NoJtaPlatform]
2022-08-11 09:48:07.896  INFO 14132 --- [main] j.LocalContainerEntityManagerFactoryBean : Initialized JPA EntityManagerFactory for persistence unit 'default'
2022-08-11 09:48:08.363  WARN 14132 --- [main] JpaBaseConfiguration$JpaWebConfiguration : spring.jpa.open-in-view is enabled by default. Therefore, database queries may be performed during view rendering. Explicitly configure spring.jpa.open-in-view to disable this warning
2022-08-11 09:48:08.892  INFO 14132 --- [main] com.countryservice.demo.LoggingTest      : Started LoggingTest in 3.781 seconds (JVM running for 4.82)
2022-08-11 09:48:09.111  WARN 14132 --- [main] com.countryservice.demo.LoggingTest      : Return ->0
2022-08-11 09:48:09.116  WARN 14132 --- [main] com.countryservice.demo.LoggingTest      : Return ->1
2022-08-11 09:48:09.116  WARN 14132 --- [main] com.countryservice.demo.LoggingTest      : Return ->2
2022-08-11 09:48:09.116  WARN 14132 --- [main] com.countryservice.demo.LoggingTest      : Return ->3
2022-08-11 09:48:09.117  WARN 14132 --- [main] com.countryservice.demo.LoggingTest      : Return ->4
2022-08-11 09:48:09.117  WARN 14132 --- [main] com.countryservice.demo.LoggingTest      : Return ->5
2022-08-11 09:48:09.117  WARN 14132 --- [main] com.countryservice.demo.LoggingTest      : Return ->6
2022-08-11 09:48:09.118  WARN 14132 --- [main] com.countryservice.demo.LoggingTest      : Return ->7
2022-08-11 09:48:09.118  WARN 14132 --- [main] com.countryservice.demo.LoggingTest      : Return ->8
2022-08-11 09:48:09.118  WARN 14132 --- [main] com.countryservice.demo.LoggingTest      : Return ->9
2022-08-11 09:48:09.133  INFO 14132 --- [SpringApplicationShutdownHook] j.LocalContainerEntityManagerFactoryBean : Closing JPA EntityManagerFactory for persistence unit 'default'
2022-08-11 09:48:09.136  INFO 14132 --- [SpringApplicationShutdownHook] com.zaxxer.hikari.HikariDataSource       : HikariPool-1 - Shutdown initiated...
2022-08-11 09:48:09.150  INFO 14132 --- [SpringApplicationShutdownHook] com.zaxxer.hikari.HikariDataSource       : HikariPool-1 - Shutdown completed.
